# JRE version: Java(TM) SE Runtime Environment (8.0_201-b09) (build 1.8.0_201-b09)
# Java VM: Java HotSpot(TM) 64-Bit Server VM (25.201-b09 mixed mode linux-amd64 compressed oops)
Heap:
 PSYoungGen      total 1987584K, used 0K [0x0000000718e00000, 0x00000007c0000000, 0x00000007c0000000)
  eden space 1598464K, 0% used [0x0000000718e00000,0x0000000718e00000,0x000000077a700000)
  from space 389120K, 0% used [0x000000077a700000,0x000000077a700000,0x0000000792300000)
  to   space 601088K, 0% used [0x000000079b500000,0x000000079b500000,0x00000007c0000000)
 ParOldGen       total 1217024K, used 893129K [0x00000005caa00000, 0x0000000614e80000, 0x0000000718e00000)
  object space 1217024K, 73% used [0x00000005caa00000,0x00000006012324f8,0x0000000614e80000)
 Metaspace       used 68489K, capacity 69222K, committed 69656K, reserved 1107968K
  class space    used 10234K, capacity 10401K, committed 10544K, reserved 1048576K
GC Heap History (10 events):
Event: 20.935 GC heap after
Heap after GC invocations=35 (full 4):
 PSYoungGen      total 2374656K, used 166773K [0x0000000718e00000, 0x00000007c0000000, 0x00000007c0000000)
  eden space 2207744K, 0% used [0x0000000718e00000,0x0000000718e00000,0x000000079fa00000)
  from space 166912K, 99% used [0x000000079fa00000,0x00000007a9cdd660,0x00000007a9d00000)
  to   space 273920K, 0% used [0x00000007af480000,0x00000007af480000,0x00000007c0000000)
 ParOldGen       total 1217024K, used 494537K [0x00000005caa00000, 0x0000000614e80000, 0x0000000718e00000)
  object space 1217024K, 40% used [0x00000005caa00000,0x00000005e8cf2690,0x0000000614e80000)
 Metaspace       used 68240K, capacity 68970K, committed 69400K, reserved 1107968K
  class space    used 10218K, capacity 10391K, committed 10544K, reserved 1048576K
}
Event: 22.550 GC heap before
{Heap before GC invocations=36 (full 4):
 PSYoungGen      total 2374656K, used 2374517K [0x0000000718e00000, 0x00000007c0000000, 0x00000007c0000000)
  eden space 2207744K, 100% used [0x0000000718e00000,0x000000079fa00000,0x000000079fa00000)
  from space 166912K, 99% used [0x000000079fa00000,0x00000007a9cdd660,0x00000007a9d00000)
  to   space 273920K, 0% used [0x00000007af480000,0x00000007af480000,0x00000007c0000000)
 ParOldGen       total 1217024K, used 494537K [0x00000005caa00000, 0x0000000614e80000, 0x0000000718e00000)
  object space 1217024K, 40% used [0x00000005caa00000,0x00000005e8cf2690,0x0000000614e80000)
 Metaspace       used 68304K, capacity 69076K, committed 69400K, reserved 1107968K
  class space    used 10221K, capacity 10398K, committed 10544K, reserved 1048576K
Event: 22.995 GC heap after
Heap after GC invocations=36 (full 4):
 PSYoungGen      total 2086400K, used 273893K [0x0000000718e00000, 0x00000007c0000000, 0x00000007c0000000)
  eden space 1812480K, 0% used [0x0000000718e00000,0x0000000718e00000,0x0000000787800000)
  from space 273920K, 99% used [0x00000007af480000,0x00000007bfff96b8,0x00000007c0000000)
  to   space 462848K, 0% used [0x0000000787800000,0x0000000787800000,0x00000007a3c00000)
 ParOldGen       total 1217024K, used 881397K [0x00000005caa00000, 0x0000000614e80000, 0x0000000718e00000)
  object space 1217024K, 72% used [0x00000005caa00000,0x00000006006bd6e8,0x0000000614e80000)
 Metaspace       used 68304K, capacity 69076K, committed 69400K, reserved 1107968K
  class space    used 10221K, capacity 10398K, committed 10544K, reserved 1048576K
}
Event: 24.880 GC heap before
{Heap before GC invocations=37 (full 4):
 PSYoungGen      total 2086400K, used 2086373K [0x0000000718e00000, 0x00000007c0000000, 0x00000007c0000000)
  eden space 1812480K, 100% used [0x0000000718e00000,0x0000000787800000,0x0000000787800000)
  from space 273920K, 99% used [0x00000007af480000,0x00000007bfff96b8,0x00000007c0000000)
  to   space 462848K, 0% used [0x0000000787800000,0x0000000787800000,0x00000007a3c00000)
 ParOldGen       total 1217024K, used 881397K [0x00000005caa00000, 0x0000000614e80000, 0x0000000718e00000)
  object space 1217024K, 72% used [0x00000005caa00000,0x00000006006bd700,0x0000000614e80000)
 Metaspace       used 68453K, capacity 69228K, committed 69656K, reserved 1107968K
  class space    used 10235K, capacity 10402K, committed 10544K, reserved 1048576K
Event: 25.024 GC heap after
Heap after GC invocations=37 (full 4):
 PSYoungGen      total 2064384K, used 251424K [0x0000000718e00000, 0x00000007c0000000, 0x00000007c0000000)
  eden space 1812480K, 0% used [0x0000000718e00000,0x0000000718e00000,0x0000000787800000)
  from space 251904K, 99% used [0x0000000787800000,0x0000000796d883d8,0x0000000796e00000)
  to   space 465920K, 0% used [0x00000007a3900000,0x00000007a3900000,0x00000007c0000000)
 ParOldGen       total 1217024K, used 899480K [0x00000005caa00000, 0x0000000614e80000, 0x0000000718e00000)
  object space 1217024K, 73% used [0x00000005caa00000,0x0000000601866160,0x0000000614e80000)
 Metaspace       used 68453K, capacity 69228K, committed 69656K, reserved 1107968K
  class space    used 10235K, capacity 10402K, committed 10544K, reserved 1048576K
}
Event: 26.853 GC heap before
{Heap before GC invocations=38 (full 4):
 PSYoungGen      total 2064384K, used 2063904K [0x0000000718e00000, 0x00000007c0000000, 0x00000007c0000000)
  eden space 1812480K, 100% used [0x0000000718e00000,0x0000000787800000,0x0000000787800000)
  from space 251904K, 99% used [0x0000000787800000,0x0000000796d883d8,0x0000000796e00000)
  to   space 465920K, 0% used [0x00000007a3900000,0x00000007a3900000,0x00000007c0000000)
 ParOldGen       total 1217024K, used 910217K [0x00000005caa00000, 0x0000000614e80000, 0x0000000718e00000)
  object space 1217024K, 74% used [0x00000005caa00000,0x00000006022e2668,0x0000000614e80000)
 Metaspace       used 68483K, capacity 69246K, committed 69656K, reserved 1107968K
  class space    used 10236K, capacity 10405K, committed 10544K, reserved 1048576K
Event: 27.101 GC heap after
Heap after GC invocations=38 (full 4):
 PSYoungGen      total 2064384K, used 465899K [0x0000000718e00000, 0x00000007c0000000, 0x00000007c0000000)
  eden space 1598464K, 0% used [0x0000000718e00000,0x0000000718e00000,0x000000077a700000)
  from space 465920K, 99% used [0x00000007a3900000,0x00000007bfffad88,0x00000007c0000000)
  to   space 569856K, 0% used [0x000000077a700000,0x000000077a700000,0x000000079d380000)
 ParOldGen       total 1217024K, used 974175K [0x00000005caa00000, 0x0000000614e80000, 0x0000000718e00000)
  object space 1217024K, 80% used [0x00000005caa00000,0x0000000606157ca8,0x0000000614e80000)
 Metaspace       used 68483K, capacity 69246K, committed 69656K, reserved 1107968K
  class space    used 10236K, capacity 10405K, committed 10544K, reserved 1048576K
}
Event: 29.140 GC heap before
{Heap before GC invocations=39 (full 4):
 PSYoungGen      total 2064384K, used 2063554K [0x0000000718e00000, 0x00000007c0000000, 0x00000007c0000000)
  eden space 1598464K, 99% used [0x0000000718e00000,0x000000077a635a90,0x000000077a700000)
  from space 465920K, 99% used [0x00000007a3900000,0x00000007bfffad88,0x00000007c0000000)
  to   space 569856K, 0% used [0x000000077a700000,0x000000077a700000,0x000000079d380000)
 ParOldGen       total 1217024K, used 974175K [0x00000005caa00000, 0x0000000614e80000, 0x0000000718e00000)
  object space 1217024K, 80% used [0x00000005caa00000,0x0000000606157ca8,0x0000000614e80000)
 Metaspace       used 68498K, capacity 69246K, committed 69656K, reserved 1107968K
  class space    used 10236K, capacity 10405K, committed 10544K, reserved 1048576K
Event: 29.331 GC heap after
Heap after GC invocations=39 (full 4):
 PSYoungGen      total 1987584K, used 389090K [0x0000000718e00000, 0x00000007c0000000, 0x00000007c0000000)
  eden space 1598464K, 0% used [0x0000000718e00000,0x0000000718e00000,0x000000077a700000)
  from space 389120K, 99% used [0x000000077a700000,0x00000007922f88a8,0x0000000792300000)
  to   space 601088K, 0% used [0x000000079b500000,0x000000079b500000,0x00000007c0000000)
 ParOldGen       total 1217024K, used 1059240K [0x00000005caa00000, 0x0000000614e80000, 0x0000000718e00000)
  object space 1217024K, 87% used [0x00000005caa00000,0x000000060b46a268,0x0000000614e80000)
 Metaspace       used 68498K, capacity 69246K, committed 69656K, reserved 1107968K
  class space    used 10236K, capacity 10405K, committed 10544K, reserved 1048576K
}
Event: 29.331 GC heap before
{Heap before GC invocations=40 (full 5):
 PSYoungGen      total 1987584K, used 389090K [0x0000000718e00000, 0x00000007c0000000, 0x00000007c0000000)
  eden space 1598464K, 0% used [0x0000000718e00000,0x0000000718e00000,0x000000077a700000)
  from space 389120K, 99% used [0x000000077a700000,0x00000007922f88a8,0x0000000792300000)
  to   space 601088K, 0% used [0x000000079b500000,0x000000079b500000,0x00000007c0000000)
 ParOldGen       total 1217024K, used 1059240K [0x00000005caa00000, 0x0000000614e80000, 0x0000000718e00000)
  object space 1217024K, 87% used [0x00000005caa00000,0x000000060b46a268,0x0000000614e80000)
 Metaspace       used 68498K, capacity 69246K, committed 69656K, reserved 1107968K
  class space    used 10236K, capacity 10405K, committed 10544K, reserved 1048576K

